<?xml version="1.0" encoding="UTF-8"?>
<!-- Generated by org.testng.reporters.JUnitReportReporter -->
<testsuite hostname="DESKTOP-DJ4FDME" failures="0" tests="3" name="org.wipro.auto.uo.testcases.SignupScenario_DDF" time="15.738" errors="0" timestamp="2025-03-12T21:21:40 IST" skipped="0">
  <testcase classname="org.wipro.auto.uo.testcases.SignupScenario_DDF" name="tc02_validate_valid_signup_func" time="5.772"/>
  <testcase classname="org.wipro.auto.uo.testcases.SignupScenario_DDF" name="tc02_validate_valid_signup_func" time="4.917"/>
  <testcase classname="org.wipro.auto.uo.testcases.SignupScenario_DDF" name="tc02_validate_valid_signup_func" time="5.049"/>
</testsuite> <!-- org.wipro.auto.uo.testcases.SignupScenario_DDF -->
