<?xml version="1.0" encoding="UTF-8"?>
<!-- Generated by org.testng.reporters.JUnitReportReporter -->
<testsuite hostname="DESKTOP-DJ4FDME" failures="0" tests="6" name="testNGDemo.LoginScenario8" time="0.017" errors="0" timestamp="2025-03-11T07:48:28 IST" skipped="0">
  <testcase classname="testNGDemo.LoginScenario8" name="third_testcase" time="0.003"/>
  <testcase classname="testNGDemo.LoginScenario8" name="fifth_testcase" time="0.005"/>
  <testcase classname="testNGDemo.LoginScenario8" name="forth_testcase" time="0.002"/>
  <testcase classname="testNGDemo.LoginScenario8" name="second_testcase" time="0.002"/>
  <testcase classname="testNGDemo.LoginScenario8" name="first_testcase" time="0.002"/>
  <testcase classname="testNGDemo.LoginScenario8" name="sixth_testcase" time="0.003"/>
</testsuite> <!-- testNGDemo.LoginScenario8 -->
