<?xml version="1.0" encoding="UTF-8"?>
<!-- Generated by org.testng.reporters.JUnitReportReporter -->
<testsuite hostname="DESKTOP-DJ4FDME" failures="0" tests="1" name="org.wipro.auto.uo.testcases.SignupScenario" time="5.418" errors="0" timestamp="2025-03-12T21:16:31 IST" skipped="0">
  <testcase classname="org.wipro.auto.uo.testcases.SignupScenario" name="tc02_validate_valid_signup_func" time="5.418"/>
</testsuite> <!-- org.wipro.auto.uo.testcases.SignupScenario -->
