<?xml version="1.0" encoding="UTF-8"?>
<!-- Generated by org.testng.reporters.JUnitReportReporter -->
<testsuite hostname="DESKTOP-DJ4FDME" failures="0" tests="1" name="org.xyz.automation.fb.DifferentControl" time="15.135" errors="0" timestamp="2025-03-10T20:54:01 IST" skipped="0">
  <testcase classname="org.xyz.automation.fb.DifferentControl" name="launchBrowser" time="15.135"/>
</testsuite> <!-- org.xyz.automation.fb.DifferentControl -->
