<?xml version="1.0" encoding="UTF-8"?>
<!-- Generated by org.testng.reporters.JUnitReportReporter -->
<testsuite hostname="DESKTOP-DJ4FDME" failures="0" tests="2" name="org.wipro.auto.uo.testcases.LoginScenario" time="9.436" errors="0" timestamp="2025-03-12T20:46:22 IST" skipped="0">
  <testcase classname="org.wipro.auto.uo.testcases.LoginScenario" name="tc01_validate_valid_login_func" time="6.056"/>
  <testcase classname="org.wipro.auto.uo.testcases.LoginScenario" name="tc01_validate_invalid_login_func" time="3.380"/>
</testsuite> <!-- org.wipro.auto.uo.testcases.LoginScenario -->
