<?xml version="1.0" encoding="UTF-8"?>
<!-- Generated by org.testng.reporters.JUnitReportReporter -->
<testsuite hostname="DESKTOP-DJ4FDME" failures="0" tests="1" name="testNGDemo.LoginScenario" time="0.021" errors="0" timestamp="2025-03-11T07:58:46 IST" skipped="0">
  <testcase classname="testNGDemo.LoginScenario" name="second_testcase" time="0.021"/>
</testsuite> <!-- testNGDemo.LoginScenario -->
