<?xml version="1.0" encoding="UTF-8"?>
<!-- Generated by org.testng.reporters.JUnitReportReporter -->
<testsuite hostname="DESKTOP-DJ4FDME" failures="0" tests="1" name="org.xyz.automation.fb.BrowserControl" time="27.043" errors="0" timestamp="2025-02-28T21:21:53 IST" skipped="0">
  <testcase classname="org.xyz.automation.fb.BrowserControl" name="launchBrowser" time="27.043"/>
</testsuite> <!-- org.xyz.automation.fb.BrowserControl -->
