<?xml version="1.0" encoding="UTF-8"?>
<!-- Generated by org.testng.reporters.JUnitReportReporter -->
<testsuite hostname="DESKTOP-DJ4FDME" failures="0" tests="6" name="testNGDemo.LoginScenario6" time="0.009" errors="0" timestamp="2025-03-11T07:48:28 IST" skipped="0">
  <testcase classname="testNGDemo.LoginScenario6" name="first_testcase" time="0.002"/>
  <testcase classname="testNGDemo.LoginScenario6" name="third_testcase" time="0.002"/>
  <testcase classname="testNGDemo.LoginScenario6" name="forth_testcase" time="0.001"/>
  <testcase classname="testNGDemo.LoginScenario6" name="second_testcase" time="0.001"/>
  <testcase classname="testNGDemo.LoginScenario6" name="fifth_testcase" time="0.002"/>
  <testcase classname="testNGDemo.LoginScenario6" name="sixth_testcase" time="0.001"/>
</testsuite> <!-- testNGDemo.LoginScenario6 -->
