<?xml version="1.0" encoding="UTF-8"?>
<!-- Generated by org.testng.reporters.JUnitReportReporter -->
<testsuite hostname="DESKTOP-DJ4FDME" failures="0" tests="1" name="testNGDemo.LoginScenario10" time="0.019" errors="0" timestamp="2025-03-11T08:00:43 IST" skipped="0">
  <testcase classname="testNGDemo.LoginScenario10" name="third_testcase" time="0.019"/>
</testsuite> <!-- testNGDemo.LoginScenario10 -->
