<?xml version="1.0" encoding="UTF-8"?>
<!-- Generated by org.testng.reporters.JUnitReportReporter -->
<testsuite hostname="DESKTOP-DJ4FDME" failures="0" tests="4" name="org.xyz.automation.fb.HandleDifferentThings" time="19.736" errors="0" timestamp="2025-03-07T21:54:10 IST" skipped="2">
  <testcase classname="org.xyz.automation.fb.HandleDifferentThings" name="handleMouse" time="14.716"/>
  <testcase classname="org.xyz.automation.fb.HandleDifferentThings" name="handleAlert" time="5.020"/>
  <testcase classname="org.xyz.automation.fb.HandleDifferentThings" name="handleKeyboard">
    <skipped/>
  </testcase> <!-- handleKeyboard -->
  <testcase classname="org.xyz.automation.fb.HandleDifferentThings" name="handleFrames">
    <skipped/>
  </testcase> <!-- handleFrames -->
</testsuite> <!-- org.xyz.automation.fb.HandleDifferentThings -->
