<?xml version="1.0" encoding="UTF-8"?>
<!-- Generated by org.testng.reporters.JUnitReportReporter -->
<testsuite hostname="DESKTOP-DJ4FDME" failures="0" tests="2" name="org.xyz.automation.fb.FirstAutomation" time="4.077" errors="0" timestamp="2025-03-10T20:54:01 IST" skipped="1">
  <testcase classname="org.xyz.automation.fb.FirstAutomation" name="loginPage" time="4.077"/>
  <testcase classname="org.xyz.automation.fb.FirstAutomation" name="signupPage">
    <skipped/>
  </testcase> <!-- signupPage -->
</testsuite> <!-- org.xyz.automation.fb.FirstAutomation -->
