<?xml version="1.0" encoding="UTF-8"?>
<!-- Generated by org.testng.reporters.JUnitReportReporter -->
<testsuite hostname="DESKTOP-DJ4FDME" failures="0" tests="3" name="testNGDemo.LoginScenario2" time="0.005" errors="0" timestamp="2025-03-11T07:59:30 IST" skipped="1">
  <testcase classname="testNGDemo.LoginScenario2" name="fifth_testcase" time="0.002"/>
  <testcase classname="testNGDemo.LoginScenario2" name="second_testcase" time="0.003"/>
  <testcase classname="testNGDemo.LoginScenario2" name="forth_testcase">
    <skipped/>
  </testcase> <!-- forth_testcase -->
</testsuite> <!-- testNGDemo.LoginScenario2 -->
