<?xml version="1.0" encoding="UTF-8"?>
<!-- Generated by org.testng.reporters.JUnitReportReporter -->
<testsuite hostname="DESKTOP-DJ4FDME" failures="0" tests="1" name="testNGDemo.LoginScenario5" time="0.003" errors="0" timestamp="2025-03-11T07:59:30 IST" skipped="0">
  <testcase classname="testNGDemo.LoginScenario5" name="fifth_testcase" time="0.003"/>
</testsuite> <!-- testNGDemo.LoginScenario5 -->
