<?xml version="1.0" encoding="UTF-8"?>
<!-- Generated by org.testng.reporters.JUnitReportReporter -->
<testsuite hostname="DESKTOP-DJ4FDME" failures="0" tests="2" name="testNGDemo.LoginScenario12" time="0.030" errors="0" timestamp="2025-02-25T21:50:03 IST" skipped="0">
  <testcase classname="testNGDemo.LoginScenario12" name="fifth_testcase" time="0.027"/>
  <testcase classname="testNGDemo.LoginScenario12" name="second_testcase" time="0.003"/>
</testsuite> <!-- testNGDemo.LoginScenario12 -->
