<?xml version="1.0" encoding="UTF-8"?>
<!-- Generated by org.testng.reporters.JUnitReportReporter -->
<testsuite hostname="DESKTOP-DJ4FDME" failures="0" tests="3" name="org.wipro.auto.uo.testcases.LoginScenario_DDF" time="11.853" errors="0" timestamp="2025-03-12T21:00:09 IST" skipped="0">
  <testcase classname="org.wipro.auto.uo.testcases.LoginScenario_DDF" name="tc01_validate_valid_login_func" time="3.458"/>
  <testcase classname="org.wipro.auto.uo.testcases.LoginScenario_DDF" name="tc01_validate_valid_login_func" time="4.707"/>
  <testcase classname="org.wipro.auto.uo.testcases.LoginScenario_DDF" name="tc01_validate_valid_login_func" time="3.688"/>
</testsuite> <!-- org.wipro.auto.uo.testcases.LoginScenario_DDF -->
